TN:
SF:src\utils\formatters.js
FN:6,(anonymous_0)
FN:10,(anonymous_1)
FN:14,(anonymous_2)
FN:18,(anonymous_3)
FN:22,(anonymous_4)
FN:29,(anonymous_5)
FNF:6
FNH:1
FNDA:0,(anonymous_0)
FNDA:0,(anonymous_1)
FNDA:0,(anonymous_2)
FNDA:0,(anonymous_3)
FNDA:0,(anonymous_4)
FNDA:5,(anonymous_5)
DA:6,1
DA:7,0
DA:10,1
DA:11,0
DA:14,1
DA:15,0
DA:18,1
DA:19,0
DA:22,1
DA:23,0
DA:29,1
DA:30,5
DA:31,4
DA:32,4
DA:33,3
DA:34,3
DA:35,3
DA:36,3
DA:37,1
DA:38,1
DA:40,1
DA:41,1
DA:45,1
LF:23
LH:18
BRDA:7,0,0,0
BRDA:7,0,1,0
BRDA:11,1,0,0
BRDA:11,1,1,0
BRDA:15,2,0,0
BRDA:15,2,1,0
BRDA:19,3,0,0
BRDA:19,3,1,0
BRDA:30,4,0,1
BRDA:30,4,1,4
BRDA:32,5,0,1
BRDA:32,5,1,3
BRDA:36,6,0,1
BRDA:36,6,1,2
BRDA:38,7,0,1
BRDA:38,7,1,0
BRDA:41,8,0,0
BRDA:41,8,1,1
BRF:18
BRH:8
end_of_record
TN:
SF:src\utils\imgSrc.js
FN:8,(anonymous_0)
FNF:1
FNH:1
FNDA:6,(anonymous_0)
DA:8,1
DA:9,6
DA:10,3
DA:11,1
LF:4
LH:4
BRDA:8,0,0,6
BRDA:9,1,0,3
BRDA:9,1,1,3
BRDA:10,2,0,2
BRDA:10,2,1,1
BRDA:10,3,0,3
BRDA:10,3,1,2
BRF:7
BRH:7
end_of_record
